<?xml version="1.0" encoding="UTF-8"?>
<testng-results ignored="0" total="1" passed="1" failed="0" skipped="0">
  <reporter-output>
  </reporter-output>
  <suite started-at="2022-09-23T09:14:19 EDT" name="Default suite" finished-at="2022-09-23T09:14:29 EDT" duration-ms="9962">
    <groups>
    </groups>
    <test started-at="2022-09-23T09:14:19 EDT" name="Default test" finished-at="2022-09-23T09:14:29 EDT" duration-ms="9962">
      <class name="com.automation.AmazomAutomation">
        <test-method signature="setup()[pri:0, instance:com.automation.AmazomAutomation@52e6fdee]" started-at="2022-09-23T09:14:19 EDT" name="setup" finished-at="2022-09-23T09:14:29 EDT" duration-ms="9941" status="PASS">
          <reporter-output>
          </reporter-output>
        </test-method> <!-- setup -->
      </class> <!-- com.automation.AmazomAutomation -->
    </test> <!-- Default test -->
  </suite> <!-- Default suite -->
</testng-results>
